{
  "RSpec": {
    "coverage": {
      "/Users/tindel/projects/samplecode-examples/samplecode-examples/ruby/spec/factories/builder.rb": [
        1,
        null,
        1,
        null,
        1,
        1,
        1,
        1,
        1,
        null,
        null,
        null,
        null,
        1,
        null,
        1,
        1,
        null,
        null,
        null,
        null,
        null
      ],
      "/Users/tindel/projects/samplecode-examples/samplecode-examples/ruby/lib/paynearme/api/request.rb": [
        1,
        1,
        1,
        1,
        1,
        null,
        null
      ],
      "/Users/tindel/projects/samplecode-examples/samplecode-examples/ruby/lib/paynearme/api/request/builder.rb": [
        1,
        null,
        1,
        1,
        1,
        4,
        4,
        4,
        4,
        4,
        null,
        4,
        4,
        null,
        null,
        1,
        3,
        3,
        3,
        null,
        null,
        1,
        3,
        3,
        null,
        null,
        1,
        3,
        3,
        null,
        null,
        1,
        3,
        3,
        null,
        null,
        1,
        3,
        3,
        null,
        null,
        1,
        4,
        null,
        null,
        null,
        null,
        null,
        null,
        4,
        4,
        null,
        null,
        1,
        null,
        1,
        null,
        null,
        null,
        null,
        null,
        4,
        null,
        null,
        null
      ],
      "/Users/tindel/projects/samplecode-examples/samplecode-examples/ruby/spec/cli_spec.rb": [
        1,
        null,
        1,
        null,
        4,
        null,
        1,
        2,
        null,
        null,
        1,
        1,
        1,
        1,
        1,
        2,
        null,
        null,
        1,
        2,
        null,
        null,
        null
      ],
      "/Users/tindel/projects/samplecode-examples/samplecode-examples/ruby/lib/paynearme/api/cli.rb": [
        1,
        null,
        1,
        1,
        null,
        1,
        1,
        1,
        1,
        1,
        1,
        null,
        1,
        1,
        1,
        2,
        2,
        2,
        2,
        2,
        null,
        2,
        2,
        2,
        null,
        null,
        null,
        2,
        null,
        2,
        1,
        1,
        null,
        1,
        1,
        1,
        null,
        null,
        1,
        null,
        1,
        1,
        1,
        null,
        1,
        null,
        null,
        null,
        1,
        1,
        1,
        null,
        null,
        1,
        null,
        1,
        1,
        1,
        1,
        null,
        null,
        1,
        null,
        null,
        null,
        null,
        null,
        null,
        null,
        null,
        1,
        null,
        null,
        null
      ],
      "/Users/tindel/projects/samplecode-examples/samplecode-examples/ruby/spec/pnm_request_spec.rb": [
        1,
        null,
        1,
        null,
        4,
        null,
        1,
        null,
        1,
        1,
        null,
        null,
        null,
        null,
        1,
        null,
        1,
        1,
        1,
        null,
        null,
        null,
        null,
        1,
        null,
        1,
        1,
        null,
        null,
        null,
        null,
        null,
        null,
        null
      ],
      "/Users/tindel/projects/samplecode-examples/samplecode-examples/ruby/lib/paynearme/api/request/pnm_request.rb": [
        1,
        1,
        null,
        1,
        1,
        3,
        null,
        1,
        1,
        1,
        1,
        1,
        null,
        1,
        7,
        7,
        7,
        7,
        7,
        7,
        null,
        null,
        1,
        32,
        null,
        null,
        1,
        11,
        11,
        null,
        11,
        32,
        null,
        null,
        11,
        null,
        null,
        1,
        6,
        6,
        null,
        null,
        null
      ]
    },
    "timestamp": 1407157706
  }
}
